<?xml version="1.0" encoding="UTF-8"?>
<testsuite xmlns:xsi="http://www.w3.org/2001/XMLSchema-instance" xsi:noNamespaceSchemaLocation="https://maven.apache.org/surefire/maven-surefire-plugin/xsd/surefire-test-report-3.0.xsd" version="3.0" name="org.example.testRunners.testRunner" time="168.332" tests="1" errors="0" skipped="0" failures="1">
  <properties>
[...]
</properties>
  <testcase name="runScenario" classname="org.example.testRunners.testRunner" time="165.7">
    <failure message="no such element: Unable to locate element: {&quot;method&quot;:&quot;xpath&quot;,&quot;selector&quot;:&quot;//button[@class=&quot;btn btn-red btn-block fontLightEnAr&quot;]&quot;}&#10;  (Session info: chrome=112.0.5615.50)&#10;For documentation on this error, please visit: https://selenium.dev/exceptions/#no_such_element&#10;Build info: version: &apos;4.8.1&apos;, revision: &apos;8ebccac989&apos;&#10;System info: os.name: &apos;Windows 10&apos;, os.arch: &apos;amd64&apos;, os.version: &apos;10.0&apos;, java.version: &apos;1.8.0_362&apos;&#10;Driver info: org.openqa.selenium.chrome.ChromeDriver&#10;Command: [43c840cd7bd4e6784cf0d4160954df97, findElement {using=xpath, value=//button[@class=&quot;btn btn-red btn-block fontLightEnAr&quot;]}]&#10;Capabilities {acceptInsecureCerts: false, browserName: chrome, browserVersion: 112.0.5615.50, chrome: {chromedriverVersion: 112.0.5615.49 (bd2a7bcb881c..., userDataDir: C:\Users\noorh\AppData\Loca...}, goog:chromeOptions: {debuggerAddress: localhost:52747}, networkConnectionEnabled: false, pageLoadStrategy: normal, platformName: WINDOWS, proxy: Proxy(), se:cdp: ws://localhost:52747/devtoo..., se:cdpVersion: 112.0.5615.50, setWindowRect: true, strictFileInteractability: false, timeouts: {implicit: 0, pageLoad: 300000, script: 30000}, unhandledPromptBehavior: dismiss and notify, webauthn:extension:credBlob: true, webauthn:extension:largeBlob: true, webauthn:extension:minPinLength: true, webauthn:extension:prf: true, webauthn:virtualAuthenticators: true}&#10;Session ID: 43c840cd7bd4e6784cf0d4160954df97" type="org.openqa.selenium.NoSuchElementException"><![CDATA[org.openqa.selenium.NoSuchElementException: 
no such element: Unable to locate element: {"method":"xpath","selector":"//button[@class="btn btn-red btn-block fontLightEnAr"]"}
  (Session info: chrome=112.0.5615.50)
For documentation on this error, please visit: https://selenium.dev/exceptions/#no_such_element
Build info: version: '4.8.1', revision: '8ebccac989'
System info: os.name: 'Windows 10', os.arch: 'amd64', os.version: '10.0', java.version: '1.8.0_362'
Driver info: org.openqa.selenium.chrome.ChromeDriver
Command: [43c840cd7bd4e6784cf0d4160954df97, findElement {using=xpath, value=//button[@class="btn btn-red btn-block fontLightEnAr"]}]
Capabilities {acceptInsecureCerts: false, browserName: chrome, browserVersion: 112.0.5615.50, chrome: {chromedriverVersion: 112.0.5615.49 (bd2a7bcb881c..., userDataDir: C:\Users\noorh\AppData\Loca...}, goog:chromeOptions: {debuggerAddress: localhost:52747}, networkConnectionEnabled: false, pageLoadStrategy: normal, platformName: WINDOWS, proxy: Proxy(), se:cdp: ws://localhost:52747/devtoo..., se:cdpVersion: 112.0.5615.50, setWindowRect: true, strictFileInteractability: false, timeouts: {implicit: 0, pageLoad: 300000, script: 30000}, unhandledPromptBehavior: dismiss and notify, webauthn:extension:credBlob: true, webauthn:extension:largeBlob: true, webauthn:extension:minPinLength: true, webauthn:extension:prf: true, webauthn:virtualAuthenticators: true}
Session ID: 43c840cd7bd4e6784cf0d4160954df97
]]></failure>
    <system-out><![CDATA[
@smoke
Scenario: guest user could select random product and make an order &amp#27;[90m# src/main/resources/features/F01_makeOrder.feature:4&amp#27;[0m
  &amp#27;[32mWhen &amp#27;[0m&amp#27;[32muser select language as â€œEnglishâ€�&amp#27;[0m                           &amp#27;[90m# org.example.stepDefs.S01_makeOrderStepDef.selectEnglish()&amp#27;[0m
  &amp#27;[32mAnd &amp#27;[0m&amp#27;[32muser go to â€œShop By Brandâ€� section and select â€œIphoneâ€�&amp#27;[0m       &amp#27;[90m# org.example.stepDefs.S01_makeOrderStepDef.selectIphone()&amp#27;[0m
  &amp#27;[32mAnd &amp#27;[0m&amp#27;[32muser select any of returned iphone mobiles&amp#27;[0m                   &amp#27;[90m# org.example.stepDefs.S01_makeOrderStepDef.selectProduct()&amp#27;[0m
  &amp#27;[31mAnd &amp#27;[0m&amp#27;[31muser press add to cart&amp#27;[0m                                       &amp#27;[90m# org.example.stepDefs.S01_makeOrderStepDef.addToCart()&amp#27;[0m
      &amp#27;[31morg.openqa.selenium.NoSuchElementException: no such element: Unable to locate element: {"method":"xpath","selector":"//button[@class="btn btn-red btn-block fontLightEnAr"]"}
  (Session info: chrome=112.0.5615.50)
For documentation on this error, please visit: https://selenium.dev/exceptions/#no_such_element
Build info: version: '4.8.1', revision: '8ebccac989'
System info: os.name: 'Windows 10', os.arch: 'amd64', os.version: '10.0', java.version: '1.8.0_362'
Driver info: org.openqa.selenium.chrome.ChromeDriver
Command: [43c840cd7bd4e6784cf0d4160954df97, findElement {using=xpath, value=//button[@class="btn btn-red btn-block fontLightEnAr"]}]
Capabilities {acceptInsecureCerts: false, browserName: chrome, browserVersion: 112.0.5615.50, chrome: {chromedriverVersion: 112.0.5615.49 (bd2a7bcb881c..., userDataDir: C:\Users\noorh\AppData\Loca...}, goog:chromeOptions: {debuggerAddress: localhost:52747}, networkConnectionEnabled: false, pageLoadStrategy: normal, platformName: WINDOWS, proxy: Proxy(), se:cdp: ws://localhost:52747/devtoo..., se:cdpVersion: 112.0.5615.50, setWindowRect: true, strictFileInteractability: false, timeouts: {implicit: 0, pageLoad: 300000, script: 30000}, unhandledPromptBehavior: dismiss and notify, webauthn:extension:credBlob: true, webauthn:extension:largeBlob: true, webauthn:extension:minPinLength: true, webauthn:extension:prf: true, webauthn:virtualAuthenticators: true}
Session ID: 43c840cd7bd4e6784cf0d4160954df97
	at sun.reflect.NativeConstructorAccessorImpl.newInstance0(Native Method)
	at sun.reflect.NativeConstructorAccessorImpl.newInstance(NativeConstructorAccessorImpl.java:62)
	at sun.reflect.DelegatingConstructorAccessorImpl.newInstance(DelegatingConstructorAccessorImpl.java:45)
	at java.lang.reflect.Constructor.newInstance(Constructor.java:423)
	at org.openqa.selenium.remote.codec.w3c.W3CHttpResponseCodec.createException(W3CHttpResponseCodec.java:200)
	at org.openqa.selenium.remote.codec.w3c.W3CHttpResponseCodec.decode(W3CHttpResponseCodec.java:133)
	at org.openqa.selenium.remote.codec.w3c.W3CHttpResponseCodec.decode(W3CHttpResponseCodec.java:53)
	at org.openqa.selenium.remote.HttpCommandExecutor.execute(HttpCommandExecutor.java:184)
	at org.openqa.selenium.remote.service.DriverCommandExecutor.invokeExecute(DriverCommandExecutor.java:167)
	at org.openqa.selenium.remote.service.DriverCommandExecutor.execute(DriverCommandExecutor.java:142)
	at org.openqa.selenium.remote.RemoteWebDriver.execute(RemoteWebDriver.java:543)
	at org.openqa.selenium.remote.ElementLocation$ElementFinder$2.findElement(ElementLocation.java:162)
	at org.openqa.selenium.remote.ElementLocation.findElement(ElementLocation.java:60)
	at org.openqa.selenium.remote.RemoteWebDriver.findElement(RemoteWebDriver.java:352)
	at org.openqa.selenium.remote.RemoteWebDriver.findElement(RemoteWebDriver.java:344)
	at org.example.pages.P02_productPage.addToCartBtn(P02_productPage.java:11)
	at org.example.stepDefs.S01_makeOrderStepDef.addToCart(S01_makeOrderStepDef.java:56)
	at âœ½.user press add to cart(file:///F:/Desktop/sw%20testing/Java/NoorhanMostafa-task/src/main/resources/features/F01_makeOrder.feature:8)
&amp#27;[0m
  &amp#27;[36mAnd &amp#27;[0m&amp#27;[36muser press at cart icon&amp#27;[0m                                      &amp#27;[90m# org.example.stepDefs.S01_makeOrderStepDef.pressCartIcon()&amp#27;[0m
  &amp#27;[36mAnd &amp#27;[0m&amp#27;[36muser press Proceed to Checkout&amp#27;[0m                               &amp#27;[90m# org.example.stepDefs.S01_makeOrderStepDef.pressProceedToCheckout()&amp#27;[0m
  &amp#27;[36mAnd &amp#27;[0m&amp#27;[36muser select â€œDelivery Optionsâ€� as â€œCairoâ€� â€œAin Shamsâ€�&amp#27;[0m        &amp#27;[90m# org.example.stepDefs.S01_makeOrderStepDef.selectDeliveryOptions()&amp#27;[0m
  &amp#27;[36mAnd &amp#27;[0m&amp#27;[36muser select â€œDeliver to My Addressâ€�&amp#27;[0m                          &amp#27;[90m# org.example.stepDefs.S01_makeOrderStepDef.pressDeliverToMyAddress()&amp#27;[0m
  &amp#27;[36mAnd &amp#27;[0m&amp#27;[36muser add address details&amp#27;[0m                                     &amp#27;[90m# org.example.stepDefs.S01_makeOrderStepDef.fillAddressDetails()&amp#27;[0m
  &amp#27;[36mAnd &amp#27;[0m&amp#27;[36muser press continue after fill address&amp#27;[0m                       &amp#27;[90m# org.example.stepDefs.S01_makeOrderStepDef.pressAddContinue()&amp#27;[0m
  &amp#27;[36mAnd &amp#27;[0m&amp#27;[36muser Leave Personal info. Tab empty and press continue&amp#27;[0m       &amp#27;[90m# org.example.stepDefs.S01_makeOrderStepDef.pressContinue()&amp#27;[0m
  &amp#27;[36mThen &amp#27;[0m&amp#27;[36merror message returned from â€œFull Nameâ€� field&amp#27;[0m               &amp#27;[90m# org.example.stepDefs.S01_makeOrderStepDef.aseertFullNameErrorMsg()&amp#27;[0m
]]></system-out>
    <system-err><![CDATA[Starting ChromeDriver 112.0.5615.49 (bd2a7bcb881c11e8cfe3078709382934e3916914-refs/branch-heads/5615@{#936}) on port 33591
Only local connections are allowed.
Please see https://chromedriver.chromium.org/security-considerations for suggestions on keeping ChromeDriver safe.
ChromeDriver was started successfully.
Apr 08, 2023 9:58:58 PM org.openqa.selenium.devtools.CdpVersionFinder findNearestMatch
WARNING: Unable to find an exact match for CDP version 112, so returning the closest version found: 110
]]></system-err>
  </testcase>
</testsuite>